<?xml version="1.0" encoding="UTF-8"?>
<!-- Generated by org.testng.reporters.JUnitXMLReporter -->
<testsuite hostname="DESKTOP-RT4P2IR" failures="0" tests="1" name="Sign Up" time="0.323" errors="0" timestamp="20 Oct 2021 13:25:09 GMT">
  <testcase classname="testObject.sing_up" name="@BeforeClass beforeClass" time="0.0">
    <failure type="java.lang.IllegalStateException" message="The driver executable does not exist: C:\Users\User.DESKTOP-RT4P2IR\eclipse-workspace\hiveAutomation\src\test\resources\drivers\chromedriver.exe">
      <![CDATA[java.lang.IllegalStateException: The driver executable does not exist: C:\Users\User.DESKTOP-RT4P2IR\eclipse-workspace\hiveAutomation\src\test\resources\drivers\chromedriver.exe
	at com.google.common.base.Preconditions.checkState(Preconditions.java:585)
	at org.openqa.selenium.remote.service.DriverService.checkExecutable(DriverService.java:146)
	at org.openqa.selenium.remote.service.DriverService.findExecutable(DriverService.java:141)
	at org.openqa.selenium.chrome.ChromeDriverService.access$000(ChromeDriverService.java:35)
	at org.openqa.selenium.chrome.ChromeDriverService$Builder.findDefaultExecutable(ChromeDriverService.java:159)
	at org.openqa.selenium.remote.service.DriverService$Builder.build(DriverService.java:355)
	at org.openqa.selenium.chrome.ChromeDriverService.createDefaultService(ChromeDriverService.java:94)
	at org.openqa.selenium.chrome.ChromeDriver.<init>(ChromeDriver.java:123)
	at pageObject.BaseObject.chromeDriverConnection(BaseObject.java:33)
	at testObject.sing_up.beforeClass(sing_up.java:86)
... Removed 24 stack frames]]>
    </failure>
  </testcase> <!-- @BeforeClass beforeClass -->
  <testcase classname="testObject.sing_up" name="@AfterClass afterClass" time="0.0">
    <skipped/>
  </testcase> <!-- @AfterClass afterClass -->
  <testcase classname="testObject.sing_up" name="singUp" time="0.001">
    <skipped/>
  </testcase> <!-- singUp -->
</testsuite> <!-- Sign Up -->
